<?xml version="1.0" encoding="UTF-8"?>
<testng-results ignored="0" total="1" passed="1" failed="0" skipped="0">
  <reporter-output>
  </reporter-output>
  <suite started-at="2022-04-29T18:27:53 IST" name="Default suite" finished-at="2022-04-29T18:28:55 IST" duration-ms="62482">
    <groups>
    </groups>
    <test started-at="2022-04-29T18:27:53 IST" name="Default test" finished-at="2022-04-29T18:28:55 IST" duration-ms="62482">
      <class name="com.crm.vtiger.TestCases.Opportunities_TC_001">
        <test-method signature="BrowserLaunch()[pri:0, instance:com.crm.vtiger.TestCases.Opportunities_TC_001@498d318c]" started-at="2022-04-29T18:27:53 IST" name="BrowserLaunch" finished-at="2022-04-29T18:28:55 IST" duration-ms="62398" status="PASS">
          <reporter-output>
          </reporter-output>
        </test-method> <!-- BrowserLaunch -->
      </class> <!-- com.crm.vtiger.TestCases.Opportunities_TC_001 -->
    </test> <!-- Default test -->
  </suite> <!-- Default suite -->
</testng-results>
